[debug] [2023-12-08T15:12:05.365Z] ----------------------------------------------------------------------
[debug] [2023-12-08T15:12:05.368Z] Command:       C:\Program Files\nodejs\node.exe C:\Users\UXDLOZI\AppData\Roaming\npm\node_modules\firebase-tools\lib\bin\firebase.js init
[debug] [2023-12-08T15:12:05.369Z] CLI Version:   13.0.1
[debug] [2023-12-08T15:12:05.369Z] Platform:      win32
[debug] [2023-12-08T15:12:05.369Z] Node Version:  v18.17.1
[debug] [2023-12-08T15:12:05.543Z] Time:          Fri Dec 08 2023 17:12:05 GMT+0200 (South Africa Standard Time)
[debug] [2023-12-08T15:12:05.543Z] ----------------------------------------------------------------------
[debug] 
[debug] [2023-12-08T15:12:06.075Z] > command requires scopes: ["email","openid","https://www.googleapis.com/auth/cloudplatformprojects.readonly","https://www.googleapis.com/auth/firebase","https://www.googleapis.com/auth/cloud-platform"]
[debug] [2023-12-08T15:12:06.076Z] > authorizing via signed-in user (dlozi.mthethwa@gmail.com)
[info] 
     ######## #### ########  ######## ########     ###     ######  ########
     ##        ##  ##     ## ##       ##     ##  ##   ##  ##       ##
     ######    ##  ########  ######   ########  #########  ######  ######
     ##        ##  ##    ##  ##       ##     ## ##     ##       ## ##
     ##       #### ##     ## ######## ########  ##     ##  ######  ########

You're about to initialize a Firebase project in this directory:

  C:\Users\UXDLOZI\Codetribe\Atlegile-Marketing-Solutions

Before we get started, keep in mind:

  * You are initializing within an existing Firebase project directory

[info] 
=== Project Setup
[info] 
[info] First, let's associate this project directory with a Firebase project.
[info] You can create multiple project aliases by running firebase use --add, 
[info] but for now we'll just set up a default project.
[info] 
[debug] [2023-12-08T15:15:58.161Z] Using project from CLI flag: atlegile-marketing-solutions
[debug] [2023-12-08T15:15:58.163Z] > refreshing access token with scopes: []
[debug] [2023-12-08T15:15:58.165Z] >>> [apiv2][query] POST https://www.googleapis.com/oauth2/v3/token [none]
[debug] [2023-12-08T15:15:58.165Z] >>> [apiv2][body] POST https://www.googleapis.com/oauth2/v3/token [omitted]
[debug] [2023-12-08T15:15:58.681Z] <<< [apiv2][status] POST https://www.googleapis.com/oauth2/v3/token 200
[debug] [2023-12-08T15:15:58.682Z] <<< [apiv2][body] POST https://www.googleapis.com/oauth2/v3/token [omitted]
[debug] [2023-12-08T15:15:58.773Z] >>> [apiv2][query] GET https://firebase.googleapis.com/v1beta1/projects/atlegile-marketing-solutions [none]
[debug] [2023-12-08T15:15:59.592Z] <<< [apiv2][status] GET https://firebase.googleapis.com/v1beta1/projects/atlegile-marketing-solutions 200
[debug] [2023-12-08T15:15:59.592Z] <<< [apiv2][body] GET https://firebase.googleapis.com/v1beta1/projects/atlegile-marketing-solutions {"projectId":"atlegile-marketing-solutions","projectNumber":"184474823085","displayName":"Atlegile-Marketing-Solutions","name":"projects/atlegile-marketing-solutions","resources":{"hostingSite":"atlegile-marketing-solutions","storageBucket":"atlegile-marketing-solutions.appspot.com","locationId":"us-central"},"state":"ACTIVE","etag":"1_953b0352-ae12-4749-81d2-af899c25592f"}
[info] i  Using project atlegile-marketing-solutions (Atlegile-Marketing-Solutions) 
[info] 
=== Hosting:github Setup
[info] 
[info] i  Detected a .git folder at C:\Users\UXDLOZI\Codetribe\Atlegile-Marketing-Solutions 
[info] i  Authorizing with GitHub to upload your service account to a GitHub repository's secrets store. 
[info] 
[info] Visit this URL on this device to log in:
[info] https://github.com/login/oauth/authorize?client_id=89cf50f02ac6aaed3484&state=922530657&redirect_uri=http%3A%2F%2Flocalhost%3A9005&scope=read%3Auser%20repo%20public_repo
[info] 
[info] Waiting for authentication...
[debug] [2023-12-08T15:16:01.670Z] >>> [apiv2][query] POST https://github.com/login/oauth/access_token [none]
[debug] [2023-12-08T15:16:01.671Z] >>> [apiv2][body] POST https://github.com/login/oauth/access_token [stream]
[debug] [2023-12-08T15:16:02.131Z] <<< [apiv2][status] POST https://github.com/login/oauth/access_token 200
[debug] [2023-12-08T15:16:02.132Z] <<< [apiv2][body] POST https://github.com/login/oauth/access_token {"access_token":"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","token_type":"bearer","scope":"read:user,repo"}
[debug] [2023-12-08T15:16:02.165Z] >>> [apiv2][query] GET https://api.github.com/user [none]
[debug] [2023-12-08T15:16:02.544Z] <<< [apiv2][status] GET https://api.github.com/user 200
[debug] [2023-12-08T15:16:02.544Z] <<< [apiv2][body] GET https://api.github.com/user {"login":"Dlozlami","id":40693444,"node_id":"MDQ6VXNlcjQwNjkzNDQ0","avatar_url":"https://avatars.githubusercontent.com/u/40693444?v=4","gravatar_id":"","url":"https://api.github.com/users/Dlozlami","html_url":"https://github.com/Dlozlami","followers_url":"https://api.github.com/users/Dlozlami/followers","following_url":"https://api.github.com/users/Dlozlami/following{/other_user}","gists_url":"https://api.github.com/users/Dlozlami/gists{/gist_id}","starred_url":"https://api.github.com/users/Dlozlami/starred{/owner}{/repo}","subscriptions_url":"https://api.github.com/users/Dlozlami/subscriptions","organizations_url":"https://api.github.com/users/Dlozlami/orgs","repos_url":"https://api.github.com/users/Dlozlami/repos","events_url":"https://api.github.com/users/Dlozlami/events{/privacy}","received_events_url":"https://api.github.com/users/Dlozlami/received_events","type":"User","site_admin":false,"name":"UX DLOZI","company":"UX DLOZI","blog":"","location":"Johannesburg","email":null,"hireable":true,"bio":"I really like computers. ðŸ’»ðŸ˜\r\nA dreamer in a Wake worldðŸŒžðŸŒ»\r\nLeading Edge Creator â™ðŸ”®ðŸ“¿ðŸ§™ðŸ¾âœ¨","twitter_username":"uxdlozi","public_repos":23,"public_gists":0,"followers":6,"following":8,"created_at":"2018-06-29T12:33:09Z","updated_at":"2023-10-28T10:19:43Z","private_gists":0,"total_private_repos":0,"owned_private_repos":0,"disk_usage":245871,"collaborators":0,"two_factor_authentication":false,"plan":{"name":"free","space":976562499,"collaborators":0,"private_repos":10000}}
[info] 
[info] +  Success! Logged into GitHub as Dlozlami 
[info] 
